mode: set
github.com/Ulbora/Six910BTCPayServerPlugin/plugin.go:40.34,45.2 4 1
github.com/Ulbora/Six910BTCPayServerPlugin/plugin.go:48.44,51.2 2 1
github.com/Ulbora/Six910BTCPayServerPlugin/plugin.go:54.44,56.2 1 1
github.com/Ulbora/Six910BTCPayServerPlugin/plugin.go:59.51,79.2 13 1
github.com/Ulbora/Six910BTCPayServerPlugin/plugin.go:82.57,105.24 17 1
github.com/Ulbora/Six910BTCPayServerPlugin/plugin.go:108.2,118.13 10 1
github.com/Ulbora/Six910BTCPayServerPlugin/plugin.go:105.24,107.3 1 1
github.com/Ulbora/Six910BTCPayServerPlugin/plugin.go:122.66,123.21 1 1
github.com/Ulbora/Six910BTCPayServerPlugin/plugin.go:123.21,128.3 4 1
github.com/Ulbora/Six910BTCPayServerPlugin/plugin.go:131.83,132.21 1 1
github.com/Ulbora/Six910BTCPayServerPlugin/plugin.go:132.21,137.3 4 1
github.com/Ulbora/Six910BTCPayServerPlugin/plugin.go:141.75,143.2 1 1
github.com/Ulbora/Six910BTCPayServerPlugin/plugin.go:146.53,150.16 4 1
github.com/Ulbora/Six910BTCPayServerPlugin/plugin.go:153.2,153.12 1 1
github.com/Ulbora/Six910BTCPayServerPlugin/plugin.go:150.16,152.3 1 1
github.com/Ulbora/Six910BTCPayServerPlugin/mockBTCPayClient.go:19.44,21.2 1 1
github.com/Ulbora/Six910BTCPayServerPlugin/mockBTCPayClient.go:24.51,26.2 1 1
github.com/Ulbora/Six910BTCPayServerPlugin/mockBTCPayClient.go:29.49,31.2 1 1
github.com/Ulbora/Six910BTCPayServerPlugin/mockBTCPayClient.go:34.74,36.2 1 1
github.com/Ulbora/Six910BTCPayServerPlugin/mockBTCPayClient.go:39.70,41.2 1 1
github.com/Ulbora/Six910BTCPayServerPlugin/mockBTCPayClient.go:44.70,46.2 1 1
github.com/Ulbora/Six910BTCPayServerPlugin/mockBTCPayClient.go:49.94,51.2 1 1
github.com/Ulbora/Six910BTCPayServerPlugin/mockBTCPayClient.go:54.82,56.2 1 1
github.com/Ulbora/Six910BTCPayServerPlugin/mockBTCPayClient.go:59.77,61.2 1 1
github.com/Ulbora/Six910BTCPayServerPlugin/mockBTCPayClient.go:64.86,66.2 1 1
