mode: set
github.com/Ulbora/Six910BTCPayServerPlugin/plugin.go:44.34,49.2 4 1
github.com/Ulbora/Six910BTCPayServerPlugin/plugin.go:52.44,54.21 2 1
github.com/Ulbora/Six910BTCPayServerPlugin/plugin.go:54.21,56.3 1 1
github.com/Ulbora/Six910BTCPayServerPlugin/plugin.go:60.44,62.2 1 1
github.com/Ulbora/Six910BTCPayServerPlugin/plugin.go:65.51,86.2 14 1
github.com/Ulbora/Six910BTCPayServerPlugin/plugin.go:89.57,113.24 18 1
github.com/Ulbora/Six910BTCPayServerPlugin/plugin.go:129.2,129.13 1 1
github.com/Ulbora/Six910BTCPayServerPlugin/plugin.go:113.24,125.3 11 1
github.com/Ulbora/Six910BTCPayServerPlugin/plugin.go:125.8,127.3 1 1
github.com/Ulbora/Six910BTCPayServerPlugin/plugin.go:133.66,134.21 1 1
github.com/Ulbora/Six910BTCPayServerPlugin/plugin.go:134.21,139.3 4 1
github.com/Ulbora/Six910BTCPayServerPlugin/plugin.go:142.83,143.21 1 1
github.com/Ulbora/Six910BTCPayServerPlugin/plugin.go:143.21,149.3 5 1
github.com/Ulbora/Six910BTCPayServerPlugin/plugin.go:153.75,155.2 1 1
github.com/Ulbora/Six910BTCPayServerPlugin/plugin.go:158.53,162.16 4 1
github.com/Ulbora/Six910BTCPayServerPlugin/plugin.go:165.2,165.12 1 1
github.com/Ulbora/Six910BTCPayServerPlugin/plugin.go:162.16,164.3 1 1
github.com/Ulbora/Six910BTCPayServerPlugin/plugin.go:169.43,171.53 2 1
github.com/Ulbora/Six910BTCPayServerPlugin/plugin.go:174.2,174.12 1 1
github.com/Ulbora/Six910BTCPayServerPlugin/plugin.go:171.53,173.3 1 1
github.com/Ulbora/Six910BTCPayServerPlugin/plugin.go:178.39,180.2 1 1
github.com/Ulbora/Six910BTCPayServerPlugin/mockBTCPayClient.go:19.44,21.2 1 1
github.com/Ulbora/Six910BTCPayServerPlugin/mockBTCPayClient.go:24.51,26.2 1 1
github.com/Ulbora/Six910BTCPayServerPlugin/mockBTCPayClient.go:29.49,31.2 1 1
github.com/Ulbora/Six910BTCPayServerPlugin/mockBTCPayClient.go:34.74,36.2 1 1
github.com/Ulbora/Six910BTCPayServerPlugin/mockBTCPayClient.go:39.70,41.2 1 1
github.com/Ulbora/Six910BTCPayServerPlugin/mockBTCPayClient.go:44.70,46.2 1 1
github.com/Ulbora/Six910BTCPayServerPlugin/mockBTCPayClient.go:49.94,51.2 1 1
github.com/Ulbora/Six910BTCPayServerPlugin/mockBTCPayClient.go:54.82,56.2 1 1
github.com/Ulbora/Six910BTCPayServerPlugin/mockBTCPayClient.go:59.77,61.2 1 1
github.com/Ulbora/Six910BTCPayServerPlugin/mockBTCPayClient.go:64.86,66.2 1 1
